<?xml version="1.0" encoding="UTF-8"?>
<testsuite xmlns:xsi="http://www.w3.org/2001/XMLSchema-instance" xsi:noNamespaceSchemaLocation="https://maven.apache.org/surefire/maven-surefire-plugin/xsd/surefire-test-report.xsd" version="3.0.2" name="com.lqm.combat.PositionTest" time="0.018" tests="4" errors="0" skipped="0" failures="0" flakes="0">
  <properties>
[...]
</properties>
  <testcase name="distanceToUsesEuclideanFormula" classname="com.lqm.combat.PositionTest" time="0.01"/>
  <testcase name="distanceToIsSymmetric" classname="com.lqm.combat.PositionTest" time="0.0"/>
  <testcase name="distanceToHandlesNegativeCoordinates" classname="com.lqm.combat.PositionTest" time="0.0"/>
  <testcase name="distanceToSelfIsZero" classname="com.lqm.combat.PositionTest" time="0.001"/>
</testsuite>